<?xml version="1.0" encoding="UTF-8"?>
<testng-results ignored="0" total="1" passed="1" failed="0" skipped="0">
  <reporter-output>
  </reporter-output>
  <suite started-at="2022-11-02T14:33:14 IST" name="Default suite" finished-at="2022-11-02T14:33:27 IST" duration-ms="13747">
    <groups>
    </groups>
    <test started-at="2022-11-02T14:33:14 IST" name="Default test" finished-at="2022-11-02T14:33:27 IST" duration-ms="13747">
      <class name="testCasesSecond.VerificationOfLocation">
        <test-method signature="location()[pri:0, instance:testCasesSecond.VerificationOfLocation@77eca502]" started-at="2022-11-02T14:33:14 IST" name="location" finished-at="2022-11-02T14:33:27 IST" duration-ms="13689" status="PASS">
          <reporter-output>
          </reporter-output>
        </test-method> <!-- location -->
      </class> <!-- testCasesSecond.VerificationOfLocation -->
    </test> <!-- Default test -->
  </suite> <!-- Default suite -->
</testng-results>
